[debug] [2021-07-22T07:14:58.264Z] ----------------------------------------------------------------------
[debug] [2021-07-22T07:14:58.266Z] Command:       /usr/local/bin/node /usr/local/bin/firebase init
[debug] [2021-07-22T07:14:58.266Z] CLI Version:   9.16.0
[debug] [2021-07-22T07:14:58.266Z] Platform:      darwin
[debug] [2021-07-22T07:14:58.266Z] Node Version:  v12.17.0
[debug] [2021-07-22T07:14:58.267Z] Time:          Thu Jul 22 2021 03:14:58 GMT-0400 (Chile Standard Time)
[debug] [2021-07-22T07:14:58.267Z] ----------------------------------------------------------------------
[debug] 
[debug] [2021-07-22T07:14:58.271Z] > command requires scopes: ["email","openid","https://www.googleapis.com/auth/cloudplatformprojects.readonly","https://www.googleapis.com/auth/firebase","https://www.googleapis.com/auth/cloud-platform"]
[debug] [2021-07-22T07:14:58.271Z] > authorizing via signed-in user (rodolfo.antonio.herrera@gmail.com)
[info] 
     ######## #### ########  ######## ########     ###     ######  ########
     ##        ##  ##     ## ##       ##     ##  ##   ##  ##       ##
     ######    ##  ########  ######   ########  #########  ######  ######
     ##        ##  ##    ##  ##       ##     ## ##     ##       ## ##
     ##       #### ##     ## ######## ########  ##     ##  ######  ########

You're about to initialize a Firebase project in this directory:

  /Users/rodoherrera/Sites/angular-book/weather-app

[info] 
=== Project Setup
[info] 
[info] First, let's associate this project directory with a Firebase project.
[info] You can create multiple project aliases by running firebase use --add, 
[info] but for now we'll just set up a default project.
[info] 
[debug] [2021-07-22T07:15:16.541Z] >>> [apiv2][query] GET https://firebase.googleapis.com/v1beta1/projects pageSize=100
[debug] [2021-07-22T07:15:17.931Z] <<< [apiv2][status] GET https://firebase.googleapis.com/v1beta1/projects 200
[debug] [2021-07-22T07:15:17.931Z] <<< [apiv2][body] GET https://firebase.googleapis.com/v1beta1/projects [omitted]
[info] i  Using project weather-app-190ae (weather-app) 
[info] 
=== Hosting Setup
[info] 
[info] Your public directory is the folder (relative to your project directory) that
[info] will contain Hosting assets to be uploaded with firebase deploy. If you
[info] have a build process for your assets, use your build's output directory.
[info] 
[debug] [2021-07-22T07:15:42.760Z] >>> [apiv2][query] GET https://www.gstatic.com/firebasejs/releases.json [none]
[debug] [2021-07-22T07:15:43.511Z] <<< [apiv2][status] GET https://www.gstatic.com/firebasejs/releases.json 200
[debug] [2021-07-22T07:15:43.511Z] <<< [apiv2][body] GET https://www.gstatic.com/firebasejs/releases.json {"current":{"version":"8.7.1","browserURL":"https://www.gstatic.com/firebasejs/8.7.1/firebase.js","packageURL":"https://www.gstatic.com/firebasejs/8.7.1/firebase.tgz"},"live":{"version":"8.7","browserURL":"https://www.gstatic.com/firebasejs/live/8.7/firebase.js","packageURL":"https://www.gstatic.com/firebasejs/live/8.7/firebase.tgz"},"components":{"analytics":"https://www.gstatic.com/firebasejs/8.7.1/firebase-analytics.js","app":"https://www.gstatic.com/firebasejs/8.7.1/firebase-app.js","app-check":"https://www.gstatic.com/firebasejs/8.7.1/firebase-app-check.js","auth":"https://www.gstatic.com/firebasejs/8.7.1/firebase-auth.js","database":"https://www.gstatic.com/firebasejs/8.7.1/firebase-database.js","firestore":"https://www.gstatic.com/firebasejs/8.7.1/firebase-firestore.js","functions":"https://www.gstatic.com/firebasejs/8.7.1/firebase-functions.js","installations":"https://www.gstatic.com/firebasejs/8.7.1/firebase-installations.js","messaging":"https://www.gstatic.com/firebasejs/8.7.1/firebase-messaging.js","storage":"https://www.gstatic.com/firebasejs/8.7.1/firebase-storage.js","performance":"https://www.gstatic.com/firebasejs/8.7.1/firebase-performance.js","remote-config":"https://www.gstatic.com/firebasejs/8.7.1/firebase-remote-config.js","firestore.memory":"https://www.gstatic.com/firebasejs/8.7.1/firebase-firestore.memory.js"}}
[info] ✔  Wrote public/index.html 
[info] 
[info] i  Detected a .git folder at /Users/rodoherrera/Sites/angular-book/weather-app 
[info] i  Authorizing with GitHub to upload your service account to a GitHub repository's secrets store. 
[info] 
[info] Visit this URL on this device to log in:
[info] https://github.com/login/oauth/authorize?client_id=89cf50f02ac6aaed3484&state=174188200&redirect_uri=http%3A%2F%2Flocalhost%3A9005&scope=read%3Auser%20repo%20public_repo
[info] 
[info] Waiting for authentication...
[debug] [2021-07-22T07:15:52.005Z] >>> HTTP REQUEST POST https://github.com/login/oauth/access_token  
 {"client_id":"89cf50f02ac6aaed3484","client_secret":"3330d14abc895d9a74d5f17cd7a00711fa2c5bf0","code":"6c585b89a8d2f8e854f4","redirect_uri":"http://localhost:9005","state":"174188200"}
[debug] [2021-07-22T07:15:52.687Z] <<< HTTP RESPONSE 200 {"server":"GitHub.com","date":"Thu, 22 Jul 2021 07:15:52 GMT","content-type":"application/json; charset=utf-8","transfer-encoding":"chunked","vary":"X-PJAX, Accept-Encoding, Accept, X-Requested-With","permissions-policy":"interest-cohort=()","etag":"W/\"403de98401057c0abc0704544402d6b0\"","cache-control":"max-age=0, private, must-revalidate","strict-transport-security":"max-age=31536000; includeSubdomains; preload","x-frame-options":"deny","x-content-type-options":"nosniff","x-xss-protection":"0","referrer-policy":"origin-when-cross-origin, strict-origin-when-cross-origin","expect-ct":"max-age=2592000, report-uri=\"https://api.github.com/_private/browser/errors\"","content-security-policy":"default-src 'none'; base-uri 'self'; block-all-mixed-content; connect-src 'self' uploads.github.com www.githubstatus.com collector.githubapp.com api.github.com github-cloud.s3.amazonaws.com github-production-repository-file-5c1aeb.s3.amazonaws.com github-production-upload-manifest-file-7fdce7.s3.amazonaws.com github-production-user-asset-6210df.s3.amazonaws.com cdn.optimizely.com logx.optimizely.com/v1/events translator.github.com wss://alive.github.com; font-src github.githubassets.com; form-action 'self' github.com gist.github.com; frame-ancestors 'none'; frame-src render.githubusercontent.com render-temp.githubusercontent.com viewscreen.githubusercontent.com; img-src 'self' data: github.githubassets.com identicons.github.com collector.githubapp.com github-cloud.s3.amazonaws.com secured-user-images.githubusercontent.com/ *.githubusercontent.com; manifest-src 'self'; media-src 'none'; script-src github.githubassets.com; style-src 'unsafe-inline' github.githubassets.com; worker-src github.com/socket-worker-3f088aa2.js gist.github.com/socket-worker-3f088aa2.js","x-github-request-id":"771F:4BEE:C27B5F:13E1E1A:60F91B28"}
[debug] [2021-07-22T07:15:52.692Z] >>> [apiv2][query] GET https://api.github.com/user [none]
[debug] [2021-07-22T07:15:53.424Z] <<< [apiv2][status] GET https://api.github.com/user 200
[debug] [2021-07-22T07:15:53.425Z] <<< [apiv2][body] GET https://api.github.com/user {"login":"rodoherrera","id":1215744,"node_id":"MDQ6VXNlcjEyMTU3NDQ=","avatar_url":"https://avatars.githubusercontent.com/u/1215744?v=4","gravatar_id":"","url":"https://api.github.com/users/rodoherrera","html_url":"https://github.com/rodoherrera","followers_url":"https://api.github.com/users/rodoherrera/followers","following_url":"https://api.github.com/users/rodoherrera/following{/other_user}","gists_url":"https://api.github.com/users/rodoherrera/gists{/gist_id}","starred_url":"https://api.github.com/users/rodoherrera/starred{/owner}{/repo}","subscriptions_url":"https://api.github.com/users/rodoherrera/subscriptions","organizations_url":"https://api.github.com/users/rodoherrera/orgs","repos_url":"https://api.github.com/users/rodoherrera/repos","events_url":"https://api.github.com/users/rodoherrera/events{/privacy}","received_events_url":"https://api.github.com/users/rodoherrera/received_events","type":"User","site_admin":false,"name":"Rodo Herrera","company":null,"blog":"https://www.rolffiherrera.com","location":"Santiago de Chile","email":null,"hireable":null,"bio":"Interactive Dev! ","twitter_username":null,"public_repos":0,"public_gists":0,"followers":21,"following":404,"created_at":"2011-11-23T14:29:44Z","updated_at":"2021-07-22T07:15:51Z","private_gists":0,"total_private_repos":9,"owned_private_repos":9,"disk_usage":22557,"collaborators":0,"two_factor_authentication":true,"plan":{"name":"free","space":976562499,"collaborators":0,"private_repos":10000}}
[info] 
[info] ✔  Success! Logged into GitHub as rodoherrera 
[info] 
